000 (052.000.000) 07/15 07:05:57 Job submitted from host: <10.0.0.14:49185>
...
001 (052.000.000) 07/15 07:06:10 Job executing on host: <10.0.0.14:49187>
...
006 (052.000.000) 07/15 07:06:19 Image size of job updated: 32896
	33  -  MemoryUsage of job (MB)
	32896  -  ResidentSetSize of job (KB)
...
006 (052.000.000) 07/15 07:11:20 Image size of job updated: 32900
	33  -  MemoryUsage of job (MB)
	32900  -  ResidentSetSize of job (KB)
...
005 (052.000.000) 07/15 07:17:29 Job terminated.
	(1) Normal termination (return value 0)
		Usr 0 00:12:17, Sys 0 00:00:19  -  Run Remote Usage
		Usr 0 00:00:00, Sys 0 00:00:00  -  Run Local Usage
		Usr 0 00:12:17, Sys 0 00:00:19  -  Total Remote Usage
		Usr 0 00:00:00, Sys 0 00:00:00  -  Total Local Usage
	335064  -  Run Bytes Sent By Job
	4987381  -  Run Bytes Received By Job
	335064  -  Total Bytes Sent By Job
	4987381  -  Total Bytes Received By Job
	Partitionable Resources :    Usage  Request   Allocated
	   Cpus                 :                 1           1
	   Disk (KB)            :     5472     5000 30411682816
	   Memory (MB)          :       33        1        1791
...
