000 (047.000.000) 07/14 04:04:11 Job submitted from host: <10.0.0.14:49185>
...
001 (047.000.000) 07/14 04:04:12 Job executing on host: <10.0.0.14:49187>
...
006 (047.000.000) 07/14 04:04:22 Image size of job updated: 4
	1  -  MemoryUsage of job (MB)
	64  -  ResidentSetSize of job (KB)
...
006 (047.000.000) 07/14 04:09:22 Image size of job updated: 32912
	33  -  MemoryUsage of job (MB)
	32912  -  ResidentSetSize of job (KB)
...
005 (047.000.000) 07/14 04:12:19 Job terminated.
	(1) Normal termination (return value 0)
		Usr 0 00:08:50, Sys 0 00:00:12  -  Run Remote Usage
		Usr 0 00:00:00, Sys 0 00:00:00  -  Run Local Usage
		Usr 0 00:08:50, Sys 0 00:00:12  -  Total Remote Usage
		Usr 0 00:00:00, Sys 0 00:00:00  -  Total Local Usage
	335064  -  Run Bytes Sent By Job
	6304635  -  Run Bytes Received By Job
	335064  -  Total Bytes Sent By Job
	6304635  -  Total Bytes Received By Job
	Partitionable Resources :    Usage  Request   Allocated
	   Cpus                 :                 1           1
	   Disk (KB)            :     7500     7500 30654423040
	   Memory (MB)          :       33        1        1791
...
