000 (055.000.000) 07/15 13:45:04 Job submitted from host: <10.0.0.14:49185>
...
001 (055.000.000) 07/15 13:45:23 Job executing on host: <10.0.0.14:49187>
...
006 (055.000.000) 07/15 13:45:31 Image size of job updated: 32904
	33  -  MemoryUsage of job (MB)
	32904  -  ResidentSetSize of job (KB)
...
005 (055.000.000) 07/15 14:03:39 Job terminated.
	(1) Normal termination (return value 0)
		Usr 0 00:22:28, Sys 0 00:00:37  -  Run Remote Usage
		Usr 0 00:00:00, Sys 0 00:00:00  -  Run Local Usage
		Usr 0 00:22:28, Sys 0 00:00:37  -  Total Remote Usage
		Usr 0 00:00:00, Sys 0 00:00:00  -  Total Local Usage
	590877  -  Run Bytes Sent By Job
	4993031  -  Run Bytes Received By Job
	590877  -  Total Bytes Sent By Job
	4993031  -  Total Bytes Received By Job
	Partitionable Resources :    Usage  Request   Allocated
	   Cpus                 :                 1           1
	   Disk (KB)            :     5736     5000 30410901504
	   Memory (MB)          :       33        1        1791
...
