000 (054.000.000) 07/15 13:39:00 Job submitted from host: <10.0.0.14:49185>
...
001 (054.000.000) 07/15 13:39:02 Job executing on host: <10.0.0.14:49187>
...
006 (054.000.000) 07/15 13:39:11 Image size of job updated: 4
	1  -  MemoryUsage of job (MB)
	64  -  ResidentSetSize of job (KB)
...
006 (054.000.000) 07/15 13:44:12 Image size of job updated: 32904
	33  -  MemoryUsage of job (MB)
	32904  -  ResidentSetSize of job (KB)
...
005 (054.000.000) 07/15 13:46:38 Job terminated.
	(1) Normal termination (return value 0)
		Usr 0 00:08:01, Sys 0 00:00:11  -  Run Remote Usage
		Usr 0 00:00:00, Sys 0 00:00:00  -  Run Local Usage
		Usr 0 00:08:01, Sys 0 00:00:11  -  Total Remote Usage
		Usr 0 00:00:00, Sys 0 00:00:00  -  Total Local Usage
	334992  -  Run Bytes Sent By Job
	4987366  -  Run Bytes Received By Job
	334992  -  Total Bytes Sent By Job
	4987366  -  Total Bytes Received By Job
	Partitionable Resources :    Usage  Request   Allocated
	   Cpus                 :                 1           1
	   Disk (KB)            :     5471     5000 30412057600
	   Memory (MB)          :       33        1        1791
...
