000 (053.000.000) 07/15 07:09:04 Job submitted from host: <10.0.0.14:49185>
...
001 (053.000.000) 07/15 07:09:06 Job executing on host: <10.0.0.14:49187>
...
006 (053.000.000) 07/15 07:09:15 Image size of job updated: 4
	1  -  MemoryUsage of job (MB)
	64  -  ResidentSetSize of job (KB)
...
006 (053.000.000) 07/15 07:14:15 Image size of job updated: 32952
	33  -  MemoryUsage of job (MB)
	32952  -  ResidentSetSize of job (KB)
...
005 (053.000.000) 07/15 07:24:19 Job terminated.
	(1) Normal termination (return value 0)
		Usr 0 00:17:50, Sys 0 00:00:32  -  Run Remote Usage
		Usr 0 00:00:00, Sys 0 00:00:00  -  Run Local Usage
		Usr 0 00:17:50, Sys 0 00:00:32  -  Total Remote Usage
		Usr 0 00:00:00, Sys 0 00:00:00  -  Total Local Usage
	386396  -  Run Bytes Sent By Job
	4988527  -  Run Bytes Received By Job
	386396  -  Total Bytes Sent By Job
	4988527  -  Total Bytes Received By Job
	Partitionable Resources :    Usage  Request   Allocated
	   Cpus                 :                 1           1
	   Disk (KB)            :     5524     5000 30411682816
	   Memory (MB)          :       33        1        1791
...
